SLURM_HOSTLIST: node003
/var/spool/slurm/d/job75544/slurm_script: line 59: UID: readonly variable
Start Horovod on the primary node...
srun -w node003 --nodes=1 --ntasks-per-node=1 --ntasks=1 /home/mrmn/brochetc/styleganPNRIA2.0/slurm-docker-run_perso-DDP primary stylegan4arome_2.0 24985 2920 /home/mrmn/brochetc/styleganPNRIA2.0/generation_scripts/ /scratch/mrmn/brochetc/GAN_2D/Exp_StyleGAN_final/ /home/mrmn/brochetc/styleganPNRIA2.0/generation_scripts/create_f_samples.py
docker_run_perso-DDP :CONFIG_FILE=
/home/mrmn/brochetc/styleganPNRIA2.0/slurm-docker-run_perso-DDP: line 15: UID: readonly variable
GPUs: 0
#!/bin/bash
docker run --rm --gpus '"device=0"' --network=host --cap-add=IPC_LOCK --device=/dev/infiniband --ipc=host --ulimit nofile=1048576:1048576 --name=slurm-75544 -e CONFIG_FILE= -v /home/mrmn/brochetc/.ssh:/tmp/.ssh:ro -v /home/mrmn/brochetc/styleganPNRIA2.0/generation_scripts/:/home/mrmn/brochetc/styleganPNRIA2.0/generation_scripts/ -v /home/mrmn/brochetc/styleganPNRIA2.0/generation_scripts/create_f_samples.py:/home/mrmn/brochetc/styleganPNRIA2.0/generation_scripts/create_f_samples.py -v /scratch/mrmn/brochetc/GAN_2D/Exp_StyleGAN_final/:/scratch/mrmn/brochetc/GAN_2D/Exp_StyleGAN_final/ stylegan4arome_2.0 bash -c " torchrun --nproc_per_node=1 |& grep -Fv -e 'Read -1' -e 'NCCL INFO'; chown -R 24985:2920 /home/mrmn/brochetc/styleganPNRIA2.0/generation_scripts/ /scratch/mrmn/brochetc/GAN_2D/Exp_StyleGAN_final/; chown -R 24985:2920 /home/mrmn/brochetc/styleganPNRIA2.0/generation_scripts/create_f_samples.py "
usage: torchrun [-h] [--nnodes NNODES] [--nproc-per-node NPROC_PER_NODE]
                [--rdzv-backend RDZV_BACKEND] [--rdzv-endpoint RDZV_ENDPOINT]
                [--rdzv-id RDZV_ID] [--rdzv-conf RDZV_CONF] [--standalone]
                [--max-restarts MAX_RESTARTS]
                [--monitor-interval MONITOR_INTERVAL]
                [--start-method {spawn,fork,forkserver}] [--role ROLE] [-m]
                [--no-python] [--run-path] [--log-dir LOG_DIR] [-r REDIRECTS]
                [-t TEE] [--node-rank NODE_RANK] [--master-addr MASTER_ADDR]
                [--master-port MASTER_PORT] [--local-addr LOCAL_ADDR]
                training_script ...
torchrun: error: the following arguments are required: training_script, training_script_args
CONTAINER ID        IMAGE               COMMAND             CREATED             STATUS              PORTS               NAMES
