SLURM_HOSTLIST: node003
/var/spool/slurm/d/job75546/slurm_script: line 59: UID: readonly variable
Start Horovod on the primary node...
srun -w node003 --nodes=1 --ntasks-per-node=1 --ntasks=1 /home/mrmn/brochetc/styleganPNRIA2.0/slurm-docker-run_perso primary stylegan4arome_2.0 24985 2920 /home/mrmn/brochetc/styleganPNRIA2.0/generation_scripts/ /scratch/mrmn/brochetc/GAN_2D/Exp_StyleGAN_final/ /home/mrmn/brochetc/styleganPNRIA2.0/generation_scripts/create_f_samples.py --bs=4 --ckpt=24 --dom_size=256
docker_run_perso :CONFIG_FILE=
/home/mrmn/brochetc/styleganPNRIA2.0/slurm-docker-run_perso: line 15: UID: readonly variable
GPUs: 0
#!/bin/bash
docker run --rm --gpus '"device=0"' --network=host --cap-add=IPC_LOCK --device=/dev/infiniband --shm-size=32gb --name=slurm-75546 -e CONFIG_FILE= -v /home/mrmn/brochetc/.ssh:/tmp/.ssh:ro -v /home/mrmn/brochetc/styleganPNRIA2.0/generation_scripts/:/home/mrmn/brochetc/styleganPNRIA2.0/generation_scripts/ -v /home/mrmn/brochetc/styleganPNRIA2.0/generation_scripts/create_f_samples.py:/home/mrmn/brochetc/styleganPNRIA2.0/generation_scripts/create_f_samples.py -v /scratch/mrmn/brochetc/GAN_2D/Exp_StyleGAN_final/:/scratch/mrmn/brochetc/GAN_2D/Exp_StyleGAN_final/ stylegan4arome_2.0 bash -c "eval horovodrun -np 1 -H node003:1 python --bs=4|--ckpt=24|--dom_size=256 |& grep -Fv -e 'Read -1' -e 'NCCL INFO'; chown -R 24985:2920 /home/mrmn/brochetc/styleganPNRIA2.0/generation_scripts/ /scratch/mrmn/brochetc/GAN_2D/Exp_StyleGAN_final/; chown -R 24985:2920 /home/mrmn/brochetc/styleganPNRIA2.0/generation_scripts/create_f_samples.py "
bash: --ckpt=24: command not found
bash: --dom_size=256: command not found
[1,0]<stderr>:unknown option --bs=4
[1,0]<stderr>:usage: python [option] ... [-c cmd | -m mod | file | -] [arg] ...
[1,0]<stderr>:Try `python -h' for more information.
--------------------------------------------------------------------------
mpirun detected that one or more processes exited with non-zero status, thus causing
the job to be terminated. The first process to do so was:

  Process name: [[52806,1],0]
  Exit code:    2
--------------------------------------------------------------------------
CONTAINER ID        IMAGE               COMMAND             CREATED             STATUS              PORTS               NAMES
